[2021-05-08 12:49:54,497] I kiwoom.py | Kiwoom-__init__-0019 I DEBUG    > Kiwoom() class start.
[2021-05-08 12:49:58,757] I kiwoom.py | Kiwoom-login_slot-0112 I DEBUG    > 정상처리
[2021-05-08 12:49:58,758] I kiwoom.py | Kiwoom-get_account_info-0123 I DEBUG    > 계좌번호 : 8165356311
[2021-05-08 12:49:58,776] I kiwoom.py | Kiwoom-msg_slot-0729 I DEBUG    > 스크린: 2000, 요청이름: 예수금상세현황요청, tr코드: opw00001 --- [00Z310] 모의투자 조회가 완료되었습니다
[2021-05-08 12:49:58,778] I kiwoom.py | Kiwoom-trdata_slot-0165 I DEBUG    > 예수금 : 56294690
[2021-05-08 12:49:58,870] I kiwoom.py | Kiwoom-msg_slot-0729 I DEBUG    > 스크린: 2000, 요청이름: 계좌평가잔고내역요청, tr코드: opw00018 --- [00Z312] 모의투자 조회가 계속됩니다. 계속조회시 다음키를 누르십시오
[2021-05-08 12:49:58,872] I kiwoom.py | Kiwoom-trdata_slot-0179 I DEBUG    > 계좌평가잔고내역요청 싱글데이터 : 000000043552950 - 000000000376628 - 000000000.86
[2021-05-08 12:49:58,873] I kiwoom.py | Kiwoom-trdata_slot-0195 I DEBUG    > 종목번호: 000440 - 종목명: 중앙에너비스                             - 보유수량: 000000000000100 - 매입가:000000000012400 - 수익률: -00000000.53 - 현재가: 000000012450
[2021-05-08 12:49:58,873] I kiwoom.py | Kiwoom-trdata_slot-0195 I DEBUG    > 종목번호: 000590 - 종목명: CS홀딩스                                 - 보유수량: 000000000000010 - 매입가:000000000073500 - 수익률: 000000011.38 - 현재가: 000000082600
[2021-05-08 12:49:58,874] I kiwoom.py | Kiwoom-trdata_slot-0195 I DEBUG    > 종목번호: 001210 - 종목명: 금호전기                                 - 보유수량: 000000000001000 - 매입가:000000000002820 - 수익률: -00000002.16 - 현재가: 000000002785
[2021-05-08 12:49:58,874] I kiwoom.py | Kiwoom-trdata_slot-0195 I DEBUG    > 종목번호: 003680 - 종목명: 한성기업                                 - 보유수량: 000000000000200 - 매입가:000000000007820 - 수익률: 000000003.52 - 현재가: 000000008170
[2021-05-08 12:49:58,875] I kiwoom.py | Kiwoom-trdata_slot-0195 I DEBUG    > 종목번호: 005820 - 종목명: 원림                                     - 보유수량: 000000000000100 - 매입가:000000000024200 - 수익률: 000000002.15 - 현재가: 000000024950
[2021-05-08 12:49:58,875] I kiwoom.py | Kiwoom-trdata_slot-0195 I DEBUG    > 종목번호: 005930 - 종목명: 삼성전자                                 - 보유수량: 000000000000010 - 매입가:000000000081900 - 수익률: -00000000.93 - 현재가: 000000081900
[2021-05-08 12:49:58,875] I kiwoom.py | Kiwoom-trdata_slot-0195 I DEBUG    > 종목번호: 006110 - 종목명: 삼아알미늄                               - 보유수량: 000000000000100 - 매입가:000000000012000 - 수익률: 000000001.97 - 현재가: 000000012350
[2021-05-08 12:49:58,876] I kiwoom.py | Kiwoom-trdata_slot-0195 I DEBUG    > 종목번호: 008830 - 종목명: 대동기어                                 - 보유수량: 000000000000100 - 매입가:000000000004765 - 수익률: 000000007.52 - 현재가: 000000005170
[2021-05-08 12:49:58,876] I kiwoom.py | Kiwoom-trdata_slot-0195 I DEBUG    > 종목번호: 010130 - 종목명: 고려아연                                 - 보유수량: 000000000000005 - 매입가:000000000452000 - 수익률: -00000000.16 - 현재가: 000000455500
[2021-05-08 12:49:58,877] I kiwoom.py | Kiwoom-trdata_slot-0195 I DEBUG    > 종목번호: 010420 - 종목명: 한솔PNS                                  - 보유수량: 000000000000200 - 매입가:000000000002250 - 수익률: -00000001.15 - 현재가: 000000002245
[2021-05-08 12:49:58,877] I kiwoom.py | Kiwoom-trdata_slot-0195 I DEBUG    > 종목번호: 010950 - 종목명: S-Oil                                    - 보유수량: 000000000000010 - 매입가:000000000088400 - 수익률: 000000005.82 - 현재가: 000000094400
[2021-05-08 12:49:58,878] I kiwoom.py | Kiwoom-trdata_slot-0195 I DEBUG    > 종목번호: 012630 - 종목명: HDC                                      - 보유수량: 000000000000100 - 매입가:000000000012000 - 수익률: 000000006.94 - 현재가: 000000012950
[2021-05-08 12:49:58,878] I kiwoom.py | Kiwoom-trdata_slot-0195 I DEBUG    > 종목번호: 018670 - 종목명: SK가스                                   - 보유수량: 000000000000010 - 매입가:000000000102000 - 수익률: 000000001.99 - 현재가: 000000105000
[2021-05-08 12:49:58,879] I kiwoom.py | Kiwoom-trdata_slot-0195 I DEBUG    > 종목번호: 023150 - 종목명: MH에탄올                                 - 보유수량: 000000000000100 - 매입가:000000000010300 - 수익률: -00000000.45 - 현재가: 000000010350
[2021-05-08 12:49:58,879] I kiwoom.py | Kiwoom-trdata_slot-0195 I DEBUG    > 종목번호: 024840 - 종목명: KBI메탈                                  - 보유수량: 000000000001000 - 매입가:000000000002600 - 수익률: -00000004.75 - 현재가: 000000002500
[2021-05-08 12:49:58,885] I kiwoom.py | Kiwoom-trdata_slot-0195 I DEBUG    > 종목번호: 025560 - 종목명: 미래산업                                 - 보유수량: 000000000000100 - 매입가:000000000015984 - 수익률: -00000007.36 - 현재가: 000000014950
[2021-05-08 12:49:58,886] I kiwoom.py | Kiwoom-trdata_slot-0195 I DEBUG    > 종목번호: 032640 - 종목명: LG유플러스                               - 보유수량: 000000000000100 - 매입가:000000000013300 - 수익률: 000000004.68 - 현재가: 000000014050
[2021-05-08 12:49:58,886] I kiwoom.py | Kiwoom-trdata_slot-0195 I DEBUG    > 종목번호: 037400 - 종목명: 우리조명                                 - 보유수량: 000000000001000 - 매입가:000000000003890 - 수익률: -00000005.53 - 현재가: 000000003710
[2021-05-08 12:49:58,887] I kiwoom.py | Kiwoom-trdata_slot-0195 I DEBUG    > 종목번호: 039980 - 종목명: 리노스                                   - 보유수량: 000000000001000 - 매입가:000000000001460 - 수익률: 000000000.43 - 현재가: 000000001480
[2021-05-08 12:49:58,888] I kiwoom.py | Kiwoom-trdata_slot-0195 I DEBUG    > 종목번호: 065440 - 종목명: 이루온                                   - 보유수량: 000000000001000 - 매입가:000000000001695 - 수익률: 000000004.06 - 현재가: 000000001780
[2021-05-08 12:49:58,888] I kiwoom.py | Kiwoom-trdata_slot-0218 I DEBUG    > sPreNext : 2
[2021-05-08 12:49:58,888] I kiwoom.py | Kiwoom-trdata_slot-0219 I DEBUG    > 계좌에 가지고 있는 종목은 20 
[2021-05-08 12:49:58,932] I kiwoom.py | Kiwoom-msg_slot-0729 I DEBUG    > 스크린: 2000, 요청이름: 계좌평가잔고내역요청, tr코드: opw00018 --- [00Z310] 모의투자 조회가 완료되었습니다
[2021-05-08 12:49:58,933] I kiwoom.py | Kiwoom-trdata_slot-0179 I DEBUG    > 계좌평가잔고내역요청 싱글데이터 : 000000043552950 - 000000000376628 - 000000000.86
[2021-05-08 12:49:58,934] I kiwoom.py | Kiwoom-trdata_slot-0195 I DEBUG    > 종목번호: 067290 - 종목명: JW신약                                   - 보유수량: 000000000000100 - 매입가:000000000005170 - 수익률: -00000002.27 - 현재가: 000000005100
[2021-05-08 12:49:58,934] I kiwoom.py | Kiwoom-trdata_slot-0195 I DEBUG    > 종목번호: 078930 - 종목명: GS                                       - 보유수량: 000000000000100 - 매입가:000000000044600 - 수익률: 000000003.75 - 현재가: 000000046700
[2021-05-08 12:49:58,934] I kiwoom.py | Kiwoom-trdata_slot-0195 I DEBUG    > 종목번호: 082740 - 종목명: HSD엔진                                  - 보유수량: 000000000000100 - 매입가:000000000009190 - 수익률: 000000019.19 - 현재가: 000000011050
[2021-05-08 12:49:58,934] I kiwoom.py | Kiwoom-trdata_slot-0195 I DEBUG    > 종목번호: 127710 - 종목명: 아시아경제                               - 보유수량: 000000000001000 - 매입가:000000000004470 - 수익률: 000000006.74 - 현재가: 000000004815
[2021-05-08 12:49:58,935] I kiwoom.py | Kiwoom-trdata_slot-0195 I DEBUG    > 종목번호: 129260 - 종목명: 인터지스                                 - 보유수량: 000000000000500 - 매입가:000000000004990 - 수익률: -00000010.19 - 현재가: 000000004525
[2021-05-08 12:49:58,935] I kiwoom.py | Kiwoom-trdata_slot-0218 I DEBUG    > sPreNext : 
[2021-05-08 12:49:58,935] I kiwoom.py | Kiwoom-trdata_slot-0219 I DEBUG    > 계좌에 가지고 있는 종목은 5 
[2021-05-08 12:50:03,925] I kiwoom.py | Kiwoom-not_concluded_account-0144 I DEBUG    > 미체결 종목 요청
[2021-05-08 12:50:03,958] I kiwoom.py | Kiwoom-msg_slot-0729 I DEBUG    > 스크린: , 요청이름: , tr코드:  ---  조회가 완료되었습니다.
[2021-05-08 12:50:08,938] I kiwoom.py | Kiwoom-screen_number_setting-0476 I DEBUG    > {'000440': {'스크린번호': '5001', '주문용스크린번호': '6001'}, '000590': {'스크린번호': '5001', '주문용스크린번호': '6001'}, '001210': {'스크린번호': '5001', '주문용스크린번호': '6001'}, '003680': {'스크린번호': '5001', '주문용스크린번호': '6001'}, '005820': {'스크린번호': '5001', '주문용스크린번호': '6001'}, '005930': {'스크린번호': '5001', '주문용스크린번호': '6001'}, '006110': {'스크린번호': '5001', '주문용스크린번호': '6001'}, '008830': {'스크린번호': '5001', '주문용스크린번호': '6001'}, '010130': {'스크린번호': '5001', '주문용스크린번호': '6001'}, '010420': {'스크린번호': '5001', '주문용스크린번호': '6001'}, '010950': {'스크린번호': '5001', '주문용스크린번호': '6001'}, '012630': {'스크린번호': '5001', '주문용스크린번호': '6001'}, '018670': {'스크린번호': '5001', '주문용스크린번호': '6001'}, '023150': {'스크린번호': '5001', '주문용스크린번호': '6001'}, '024840': {'스크린번호': '5001', '주문용스크린번호': '6001'}, '025560': {'스크린번호': '5001', '주문용스크린번호': '6001'}, '032640': {'스크린번호': '5001', '주문용스크린번호': '6001'}, '037400': {'스크린번호': '5001', '주문용스크린번호': '6001'}, '039980': {'스크린번호': '5001', '주문용스크린번호': '6001'}, '065440': {'스크린번호': '5001', '주문용스크린번호': '6001'}, '067290': {'스크린번호': '5001', '주문용스크린번호': '6001'}, '078930': {'스크린번호': '5001', '주문용스크린번호': '6001'}, '082740': {'스크린번호': '5001', '주문용스크린번호': '6001'}, '127710': {'스크린번호': '5001', '주문용스크린번호': '6001'}, '129260': {'스크린번호': '5001', '주문용스크린번호': '6001'}}
[2021-05-08 12:52:22,446] I kiwoom.py | Kiwoom-__init__-0019 I DEBUG    > Kiwoom() class start.
[2021-05-08 12:52:26,560] I kiwoom.py | Kiwoom-login_slot-0112 I DEBUG    > 정상처리
[2021-05-08 12:52:26,560] I kiwoom.py | Kiwoom-get_account_info-0123 I DEBUG    > 계좌번호 : 8165356311
[2021-05-08 12:52:26,591] I kiwoom.py | Kiwoom-msg_slot-0729 I DEBUG    > 스크린: 2000, 요청이름: 예수금상세현황요청, tr코드: opw00001 --- [00Z310] 모의투자 조회가 완료되었습니다
[2021-05-08 12:52:26,593] I kiwoom.py | Kiwoom-trdata_slot-0165 I DEBUG    > 예수금 : 56294690
[2021-05-08 12:52:26,684] I kiwoom.py | Kiwoom-msg_slot-0729 I DEBUG    > 스크린: 2000, 요청이름: 계좌평가잔고내역요청, tr코드: opw00018 --- [00Z312] 모의투자 조회가 계속됩니다. 계속조회시 다음키를 누르십시오
[2021-05-08 12:52:26,685] I kiwoom.py | Kiwoom-trdata_slot-0179 I DEBUG    > 계좌평가잔고내역요청 싱글데이터 : 000000043552950 - 000000000376628 - 000000000.86
[2021-05-08 12:52:26,685] I kiwoom.py | Kiwoom-trdata_slot-0195 I DEBUG    > 종목번호: 000440 - 종목명: 중앙에너비스                             - 보유수량: 000000000000100 - 매입가:000000000012400 - 수익률: -00000000.53 - 현재가: 000000012450
[2021-05-08 12:52:26,686] I kiwoom.py | Kiwoom-trdata_slot-0195 I DEBUG    > 종목번호: 000590 - 종목명: CS홀딩스                                 - 보유수량: 000000000000010 - 매입가:000000000073500 - 수익률: 000000011.38 - 현재가: 000000082600
[2021-05-08 12:52:26,686] I kiwoom.py | Kiwoom-trdata_slot-0195 I DEBUG    > 종목번호: 001210 - 종목명: 금호전기                                 - 보유수량: 000000000001000 - 매입가:000000000002820 - 수익률: -00000002.16 - 현재가: 000000002785
[2021-05-08 12:52:26,686] I kiwoom.py | Kiwoom-trdata_slot-0195 I DEBUG    > 종목번호: 003680 - 종목명: 한성기업                                 - 보유수량: 000000000000200 - 매입가:000000000007820 - 수익률: 000000003.52 - 현재가: 000000008170
[2021-05-08 12:52:26,687] I kiwoom.py | Kiwoom-trdata_slot-0195 I DEBUG    > 종목번호: 005820 - 종목명: 원림                                     - 보유수량: 000000000000100 - 매입가:000000000024200 - 수익률: 000000002.15 - 현재가: 000000024950
[2021-05-08 12:52:26,687] I kiwoom.py | Kiwoom-trdata_slot-0195 I DEBUG    > 종목번호: 005930 - 종목명: 삼성전자                                 - 보유수량: 000000000000010 - 매입가:000000000081900 - 수익률: -00000000.93 - 현재가: 000000081900
[2021-05-08 12:52:26,687] I kiwoom.py | Kiwoom-trdata_slot-0195 I DEBUG    > 종목번호: 006110 - 종목명: 삼아알미늄                               - 보유수량: 000000000000100 - 매입가:000000000012000 - 수익률: 000000001.97 - 현재가: 000000012350
[2021-05-08 12:52:26,687] I kiwoom.py | Kiwoom-trdata_slot-0195 I DEBUG    > 종목번호: 008830 - 종목명: 대동기어                                 - 보유수량: 000000000000100 - 매입가:000000000004765 - 수익률: 000000007.52 - 현재가: 000000005170
[2021-05-08 12:52:26,688] I kiwoom.py | Kiwoom-trdata_slot-0195 I DEBUG    > 종목번호: 010130 - 종목명: 고려아연                                 - 보유수량: 000000000000005 - 매입가:000000000452000 - 수익률: -00000000.16 - 현재가: 000000455500
[2021-05-08 12:52:26,688] I kiwoom.py | Kiwoom-trdata_slot-0195 I DEBUG    > 종목번호: 010420 - 종목명: 한솔PNS                                  - 보유수량: 000000000000200 - 매입가:000000000002250 - 수익률: -00000001.15 - 현재가: 000000002245
[2021-05-08 12:52:26,688] I kiwoom.py | Kiwoom-trdata_slot-0195 I DEBUG    > 종목번호: 010950 - 종목명: S-Oil                                    - 보유수량: 000000000000010 - 매입가:000000000088400 - 수익률: 000000005.82 - 현재가: 000000094400
[2021-05-08 12:52:26,689] I kiwoom.py | Kiwoom-trdata_slot-0195 I DEBUG    > 종목번호: 012630 - 종목명: HDC                                      - 보유수량: 000000000000100 - 매입가:000000000012000 - 수익률: 000000006.94 - 현재가: 000000012950
[2021-05-08 12:52:26,689] I kiwoom.py | Kiwoom-trdata_slot-0195 I DEBUG    > 종목번호: 018670 - 종목명: SK가스                                   - 보유수량: 000000000000010 - 매입가:000000000102000 - 수익률: 000000001.99 - 현재가: 000000105000
[2021-05-08 12:52:26,689] I kiwoom.py | Kiwoom-trdata_slot-0195 I DEBUG    > 종목번호: 023150 - 종목명: MH에탄올                                 - 보유수량: 000000000000100 - 매입가:000000000010300 - 수익률: -00000000.45 - 현재가: 000000010350
[2021-05-08 12:52:26,690] I kiwoom.py | Kiwoom-trdata_slot-0195 I DEBUG    > 종목번호: 024840 - 종목명: KBI메탈                                  - 보유수량: 000000000001000 - 매입가:000000000002600 - 수익률: -00000004.75 - 현재가: 000000002500
[2021-05-08 12:52:26,701] I kiwoom.py | Kiwoom-trdata_slot-0195 I DEBUG    > 종목번호: 025560 - 종목명: 미래산업                                 - 보유수량: 000000000000100 - 매입가:000000000015984 - 수익률: -00000007.36 - 현재가: 000000014950
[2021-05-08 12:52:26,701] I kiwoom.py | Kiwoom-trdata_slot-0195 I DEBUG    > 종목번호: 032640 - 종목명: LG유플러스                               - 보유수량: 000000000000100 - 매입가:000000000013300 - 수익률: 000000004.68 - 현재가: 000000014050
[2021-05-08 12:52:26,702] I kiwoom.py | Kiwoom-trdata_slot-0195 I DEBUG    > 종목번호: 037400 - 종목명: 우리조명                                 - 보유수량: 000000000001000 - 매입가:000000000003890 - 수익률: -00000005.53 - 현재가: 000000003710
[2021-05-08 12:52:26,702] I kiwoom.py | Kiwoom-trdata_slot-0195 I DEBUG    > 종목번호: 039980 - 종목명: 리노스                                   - 보유수량: 000000000001000 - 매입가:000000000001460 - 수익률: 000000000.43 - 현재가: 000000001480
[2021-05-08 12:52:26,702] I kiwoom.py | Kiwoom-trdata_slot-0195 I DEBUG    > 종목번호: 065440 - 종목명: 이루온                                   - 보유수량: 000000000001000 - 매입가:000000000001695 - 수익률: 000000004.06 - 현재가: 000000001780
[2021-05-08 12:52:26,702] I kiwoom.py | Kiwoom-trdata_slot-0218 I DEBUG    > sPreNext : 2
[2021-05-08 12:52:26,703] I kiwoom.py | Kiwoom-trdata_slot-0219 I DEBUG    > 계좌에 가지고 있는 종목은 20 
[2021-05-08 12:52:26,747] I kiwoom.py | Kiwoom-msg_slot-0729 I DEBUG    > 스크린: 2000, 요청이름: 계좌평가잔고내역요청, tr코드: opw00018 --- [00Z310] 모의투자 조회가 완료되었습니다
[2021-05-08 12:52:26,749] I kiwoom.py | Kiwoom-trdata_slot-0179 I DEBUG    > 계좌평가잔고내역요청 싱글데이터 : 000000043552950 - 000000000376628 - 000000000.86
[2021-05-08 12:52:26,749] I kiwoom.py | Kiwoom-trdata_slot-0195 I DEBUG    > 종목번호: 067290 - 종목명: JW신약                                   - 보유수량: 000000000000100 - 매입가:000000000005170 - 수익률: -00000002.27 - 현재가: 000000005100
[2021-05-08 12:52:26,750] I kiwoom.py | Kiwoom-trdata_slot-0195 I DEBUG    > 종목번호: 078930 - 종목명: GS                                       - 보유수량: 000000000000100 - 매입가:000000000044600 - 수익률: 000000003.75 - 현재가: 000000046700
[2021-05-08 12:52:26,750] I kiwoom.py | Kiwoom-trdata_slot-0195 I DEBUG    > 종목번호: 082740 - 종목명: HSD엔진                                  - 보유수량: 000000000000100 - 매입가:000000000009190 - 수익률: 000000019.19 - 현재가: 000000011050
[2021-05-08 12:52:26,751] I kiwoom.py | Kiwoom-trdata_slot-0195 I DEBUG    > 종목번호: 127710 - 종목명: 아시아경제                               - 보유수량: 000000000001000 - 매입가:000000000004470 - 수익률: 000000006.74 - 현재가: 000000004815
[2021-05-08 12:52:26,751] I kiwoom.py | Kiwoom-trdata_slot-0195 I DEBUG    > 종목번호: 129260 - 종목명: 인터지스                                 - 보유수량: 000000000000500 - 매입가:000000000004990 - 수익률: -00000010.19 - 현재가: 000000004525
[2021-05-08 12:52:26,751] I kiwoom.py | Kiwoom-trdata_slot-0218 I DEBUG    > sPreNext : 
[2021-05-08 12:52:26,752] I kiwoom.py | Kiwoom-trdata_slot-0219 I DEBUG    > 계좌에 가지고 있는 종목은 5 
[2021-05-08 12:52:31,758] I kiwoom.py | Kiwoom-not_concluded_account-0144 I DEBUG    > 미체결 종목 요청
[2021-05-08 12:52:31,807] I kiwoom.py | Kiwoom-msg_slot-0729 I DEBUG    > 스크린: , 요청이름: , tr코드:  ---  조회가 완료되었습니다.
[2021-05-08 12:52:36,760] I kiwoom.py | Kiwoom-screen_number_setting-0476 I DEBUG    > {'000440': {'스크린번호': '5001', '주문용스크린번호': '6001'}, '000590': {'스크린번호': '5001', '주문용스크린번호': '6001'}, '001210': {'스크린번호': '5001', '주문용스크린번호': '6001'}, '003680': {'스크린번호': '5001', '주문용스크린번호': '6001'}, '005820': {'스크린번호': '5001', '주문용스크린번호': '6001'}, '005930': {'스크린번호': '5001', '주문용스크린번호': '6001'}, '006110': {'스크린번호': '5001', '주문용스크린번호': '6001'}, '008830': {'스크린번호': '5001', '주문용스크린번호': '6001'}, '010130': {'스크린번호': '5001', '주문용스크린번호': '6001'}, '010420': {'스크린번호': '5001', '주문용스크린번호': '6001'}, '010950': {'스크린번호': '5001', '주문용스크린번호': '6001'}, '012630': {'스크린번호': '5001', '주문용스크린번호': '6001'}, '018670': {'스크린번호': '5001', '주문용스크린번호': '6001'}, '023150': {'스크린번호': '5001', '주문용스크린번호': '6001'}, '024840': {'스크린번호': '5001', '주문용스크린번호': '6001'}, '025560': {'스크린번호': '5001', '주문용스크린번호': '6001'}, '032640': {'스크린번호': '5001', '주문용스크린번호': '6001'}, '037400': {'스크린번호': '5001', '주문용스크린번호': '6001'}, '039980': {'스크린번호': '5001', '주문용스크린번호': '6001'}, '065440': {'스크린번호': '5001', '주문용스크린번호': '6001'}, '067290': {'스크린번호': '5001', '주문용스크린번호': '6001'}, '078930': {'스크린번호': '5001', '주문용스크린번호': '6001'}, '082740': {'스크린번호': '5001', '주문용스크린번호': '6001'}, '127710': {'스크린번호': '5001', '주문용스크린번호': '6001'}, '129260': {'스크린번호': '5001', '주문용스크린번호': '6001'}}
[2021-05-08 13:03:09,656] I kiwoom.py | Kiwoom-__init__-0019 I DEBUG    > Kiwoom() class start.
[2021-05-08 13:03:14,019] I kiwoom.py | Kiwoom-login_slot-0112 I DEBUG    > 정상처리
[2021-05-08 13:03:14,020] I kiwoom.py | Kiwoom-get_account_info-0123 I DEBUG    > 계좌번호 : 8165356311
[2021-05-08 13:03:14,210] I kiwoom.py | Kiwoom-msg_slot-0729 I DEBUG    > 스크린: 2000, 요청이름: 예수금상세현황요청, tr코드: opw00001 --- [00Z310] 모의투자 조회가 완료되었습니다
[2021-05-08 13:03:14,212] I kiwoom.py | Kiwoom-trdata_slot-0165 I DEBUG    > 예수금 : 56294690
[2021-05-08 13:03:14,304] I kiwoom.py | Kiwoom-msg_slot-0729 I DEBUG    > 스크린: 2000, 요청이름: 계좌평가잔고내역요청, tr코드: opw00018 --- [00Z312] 모의투자 조회가 계속됩니다. 계속조회시 다음키를 누르십시오
[2021-05-08 13:03:14,306] I kiwoom.py | Kiwoom-trdata_slot-0179 I DEBUG    > 계좌평가잔고내역요청 싱글데이터 : 000000043552950 - 000000000376628 - 000000000.86
[2021-05-08 13:03:14,308] I kiwoom.py | Kiwoom-trdata_slot-0195 I DEBUG    > 종목번호: 000440 - 종목명: 중앙에너비스                             - 보유수량: 000000000000100 - 매입가:000000000012400 - 수익률: -00000000.53 - 현재가: 000000012450
[2021-05-08 13:03:14,311] I kiwoom.py | Kiwoom-trdata_slot-0195 I DEBUG    > 종목번호: 000590 - 종목명: CS홀딩스                                 - 보유수량: 000000000000010 - 매입가:000000000073500 - 수익률: 000000011.38 - 현재가: 000000082600
[2021-05-08 13:03:14,312] I kiwoom.py | Kiwoom-trdata_slot-0195 I DEBUG    > 종목번호: 001210 - 종목명: 금호전기                                 - 보유수량: 000000000001000 - 매입가:000000000002820 - 수익률: -00000002.16 - 현재가: 000000002785
[2021-05-08 13:03:14,314] I kiwoom.py | Kiwoom-trdata_slot-0195 I DEBUG    > 종목번호: 003680 - 종목명: 한성기업                                 - 보유수량: 000000000000200 - 매입가:000000000007820 - 수익률: 000000003.52 - 현재가: 000000008170
[2021-05-08 13:03:14,315] I kiwoom.py | Kiwoom-trdata_slot-0195 I DEBUG    > 종목번호: 005820 - 종목명: 원림                                     - 보유수량: 000000000000100 - 매입가:000000000024200 - 수익률: 000000002.15 - 현재가: 000000024950
[2021-05-08 13:03:14,316] I kiwoom.py | Kiwoom-trdata_slot-0195 I DEBUG    > 종목번호: 005930 - 종목명: 삼성전자                                 - 보유수량: 000000000000010 - 매입가:000000000081900 - 수익률: -00000000.93 - 현재가: 000000081900
[2021-05-08 13:03:14,318] I kiwoom.py | Kiwoom-trdata_slot-0195 I DEBUG    > 종목번호: 006110 - 종목명: 삼아알미늄                               - 보유수량: 000000000000100 - 매입가:000000000012000 - 수익률: 000000001.97 - 현재가: 000000012350
[2021-05-08 13:03:14,319] I kiwoom.py | Kiwoom-trdata_slot-0195 I DEBUG    > 종목번호: 008830 - 종목명: 대동기어                                 - 보유수량: 000000000000100 - 매입가:000000000004765 - 수익률: 000000007.52 - 현재가: 000000005170
[2021-05-08 13:03:14,320] I kiwoom.py | Kiwoom-trdata_slot-0195 I DEBUG    > 종목번호: 010130 - 종목명: 고려아연                                 - 보유수량: 000000000000005 - 매입가:000000000452000 - 수익률: -00000000.16 - 현재가: 000000455500
[2021-05-08 13:03:14,325] I kiwoom.py | Kiwoom-trdata_slot-0195 I DEBUG    > 종목번호: 010420 - 종목명: 한솔PNS                                  - 보유수량: 000000000000200 - 매입가:000000000002250 - 수익률: -00000001.15 - 현재가: 000000002245
[2021-05-08 13:03:14,327] I kiwoom.py | Kiwoom-trdata_slot-0195 I DEBUG    > 종목번호: 010950 - 종목명: S-Oil                                    - 보유수량: 000000000000010 - 매입가:000000000088400 - 수익률: 000000005.82 - 현재가: 000000094400
[2021-05-08 13:03:14,328] I kiwoom.py | Kiwoom-trdata_slot-0195 I DEBUG    > 종목번호: 012630 - 종목명: HDC                                      - 보유수량: 000000000000100 - 매입가:000000000012000 - 수익률: 000000006.94 - 현재가: 000000012950
[2021-05-08 13:03:14,329] I kiwoom.py | Kiwoom-trdata_slot-0195 I DEBUG    > 종목번호: 018670 - 종목명: SK가스                                   - 보유수량: 000000000000010 - 매입가:000000000102000 - 수익률: 000000001.99 - 현재가: 000000105000
[2021-05-08 13:03:14,330] I kiwoom.py | Kiwoom-trdata_slot-0195 I DEBUG    > 종목번호: 023150 - 종목명: MH에탄올                                 - 보유수량: 000000000000100 - 매입가:000000000010300 - 수익률: -00000000.45 - 현재가: 000000010350
[2021-05-08 13:03:14,331] I kiwoom.py | Kiwoom-trdata_slot-0195 I DEBUG    > 종목번호: 024840 - 종목명: KBI메탈                                  - 보유수량: 000000000001000 - 매입가:000000000002600 - 수익률: -00000004.75 - 현재가: 000000002500
[2021-05-08 13:03:14,333] I kiwoom.py | Kiwoom-trdata_slot-0195 I DEBUG    > 종목번호: 025560 - 종목명: 미래산업                                 - 보유수량: 000000000000100 - 매입가:000000000015984 - 수익률: -00000007.36 - 현재가: 000000014950
[2021-05-08 13:03:14,335] I kiwoom.py | Kiwoom-trdata_slot-0195 I DEBUG    > 종목번호: 032640 - 종목명: LG유플러스                               - 보유수량: 000000000000100 - 매입가:000000000013300 - 수익률: 000000004.68 - 현재가: 000000014050
[2021-05-08 13:03:14,336] I kiwoom.py | Kiwoom-trdata_slot-0195 I DEBUG    > 종목번호: 037400 - 종목명: 우리조명                                 - 보유수량: 000000000001000 - 매입가:000000000003890 - 수익률: -00000005.53 - 현재가: 000000003710
[2021-05-08 13:03:14,340] I kiwoom.py | Kiwoom-trdata_slot-0195 I DEBUG    > 종목번호: 039980 - 종목명: 리노스                                   - 보유수량: 000000000001000 - 매입가:000000000001460 - 수익률: 000000000.43 - 현재가: 000000001480
[2021-05-08 13:03:14,341] I kiwoom.py | Kiwoom-trdata_slot-0195 I DEBUG    > 종목번호: 065440 - 종목명: 이루온                                   - 보유수량: 000000000001000 - 매입가:000000000001695 - 수익률: 000000004.06 - 현재가: 000000001780
[2021-05-08 13:03:14,342] I kiwoom.py | Kiwoom-trdata_slot-0218 I DEBUG    > sPreNext : 2
[2021-05-08 13:03:14,342] I kiwoom.py | Kiwoom-trdata_slot-0219 I DEBUG    > 계좌에 가지고 있는 종목은 20 
[2021-05-08 13:03:14,383] I kiwoom.py | Kiwoom-msg_slot-0729 I DEBUG    > 스크린: 2000, 요청이름: 계좌평가잔고내역요청, tr코드: opw00018 --- [00Z310] 모의투자 조회가 완료되었습니다
[2021-05-08 13:03:14,386] I kiwoom.py | Kiwoom-trdata_slot-0179 I DEBUG    > 계좌평가잔고내역요청 싱글데이터 : 000000043552950 - 000000000376628 - 000000000.86
[2021-05-08 13:03:14,387] I kiwoom.py | Kiwoom-trdata_slot-0195 I DEBUG    > 종목번호: 067290 - 종목명: JW신약                                   - 보유수량: 000000000000100 - 매입가:000000000005170 - 수익률: -00000002.27 - 현재가: 000000005100
[2021-05-08 13:03:14,390] I kiwoom.py | Kiwoom-trdata_slot-0195 I DEBUG    > 종목번호: 078930 - 종목명: GS                                       - 보유수량: 000000000000100 - 매입가:000000000044600 - 수익률: 000000003.75 - 현재가: 000000046700
[2021-05-08 13:03:14,391] I kiwoom.py | Kiwoom-trdata_slot-0195 I DEBUG    > 종목번호: 082740 - 종목명: HSD엔진                                  - 보유수량: 000000000000100 - 매입가:000000000009190 - 수익률: 000000019.19 - 현재가: 000000011050
[2021-05-08 13:03:14,393] I kiwoom.py | Kiwoom-trdata_slot-0195 I DEBUG    > 종목번호: 127710 - 종목명: 아시아경제                               - 보유수량: 000000000001000 - 매입가:000000000004470 - 수익률: 000000006.74 - 현재가: 000000004815
[2021-05-08 13:03:14,394] I kiwoom.py | Kiwoom-trdata_slot-0195 I DEBUG    > 종목번호: 129260 - 종목명: 인터지스                                 - 보유수량: 000000000000500 - 매입가:000000000004990 - 수익률: -00000010.19 - 현재가: 000000004525
[2021-05-08 13:03:14,395] I kiwoom.py | Kiwoom-trdata_slot-0218 I DEBUG    > sPreNext : 
[2021-05-08 13:03:14,396] I kiwoom.py | Kiwoom-trdata_slot-0219 I DEBUG    > 계좌에 가지고 있는 종목은 5 
[2021-05-08 13:03:19,390] I kiwoom.py | Kiwoom-not_concluded_account-0144 I DEBUG    > 미체결 종목 요청
[2021-05-08 13:03:19,437] I kiwoom.py | Kiwoom-msg_slot-0729 I DEBUG    > 스크린: , 요청이름: , tr코드:  ---  조회가 완료되었습니다.
[2021-05-08 13:03:24,398] I kiwoom.py | Kiwoom-screen_number_setting-0476 I DEBUG    > {'000440': {'스크린번호': '5001', '주문용스크린번호': '6001'}, '000590': {'스크린번호': '5001', '주문용스크린번호': '6001'}, '001210': {'스크린번호': '5001', '주문용스크린번호': '6001'}, '003680': {'스크린번호': '5001', '주문용스크린번호': '6001'}, '005820': {'스크린번호': '5001', '주문용스크린번호': '6001'}, '005930': {'스크린번호': '5001', '주문용스크린번호': '6001'}, '006110': {'스크린번호': '5001', '주문용스크린번호': '6001'}, '008830': {'스크린번호': '5001', '주문용스크린번호': '6001'}, '010130': {'스크린번호': '5001', '주문용스크린번호': '6001'}, '010420': {'스크린번호': '5001', '주문용스크린번호': '6001'}, '010950': {'스크린번호': '5001', '주문용스크린번호': '6001'}, '012630': {'스크린번호': '5001', '주문용스크린번호': '6001'}, '018670': {'스크린번호': '5001', '주문용스크린번호': '6001'}, '023150': {'스크린번호': '5001', '주문용스크린번호': '6001'}, '024840': {'스크린번호': '5001', '주문용스크린번호': '6001'}, '025560': {'스크린번호': '5001', '주문용스크린번호': '6001'}, '032640': {'스크린번호': '5001', '주문용스크린번호': '6001'}, '037400': {'스크린번호': '5001', '주문용스크린번호': '6001'}, '039980': {'스크린번호': '5001', '주문용스크린번호': '6001'}, '065440': {'스크린번호': '5001', '주문용스크린번호': '6001'}, '067290': {'스크린번호': '5001', '주문용스크린번호': '6001'}, '078930': {'스크린번호': '5001', '주문용스크린번호': '6001'}, '082740': {'스크린번호': '5001', '주문용스크린번호': '6001'}, '127710': {'스크린번호': '5001', '주문용스크린번호': '6001'}, '129260': {'스크린번호': '5001', '주문용스크린번호': '6001'}}
[2021-05-08 19:16:19,013] I kiwoom.py | Kiwoom-__init__-0018 I DEBUG    > Kiwoom() class start.
[2021-05-08 19:45:21,475] I kiwoom.py | Kiwoom-__init__-0018 I DEBUG    > Kiwoom() class start.
[2021-05-08 19:45:37,371] I kiwoom.py | Kiwoom-login_slot-0106 I DEBUG    > 정상처리
[2021-05-08 19:45:37,373] I kiwoom.py | Kiwoom-get_account_info-0117 I DEBUG    > 계좌번호 : 8165356311
[2021-05-08 19:46:17,638] I kiwoom.py | Kiwoom-__init__-0018 I DEBUG    > Kiwoom() class start.
[2021-05-08 19:46:57,286] I kiwoom.py | Kiwoom-__init__-0018 I DEBUG    > Kiwoom() class start.
[2021-05-08 19:47:33,475] I kiwoom.py | Kiwoom-__init__-0018 I DEBUG    > Kiwoom() class start.
[2021-05-08 19:49:52,458] I kiwoom.py | Kiwoom-__init__-0018 I DEBUG    > Kiwoom() class start.
[2021-05-08 19:49:56,484] I kiwoom.py | Kiwoom-login_slot-0106 I DEBUG    > 정상처리
[2021-05-08 19:49:56,485] I kiwoom.py | Kiwoom-get_account_info-0117 I DEBUG    > 계좌번호 : 8165356311
